
----- Run Wed Jun 29 14:52:12 2022-----
0    3500000    3500233    3500000    3500370    3500000    3500305    
0.25    3451053    3453935    3449737    3452809    3441527    3444660    
0.5    3121215    3106639    3116637    3122532    3067547    3073020    
0.75    2374548    2379957    2400630    2372010    2321795    2326261    
1.0    1438516    1442640    1430414    1433265    1382884    1385749    
1.25    583706    586457    603642    604612    544841    544718    
1.5    119912    120765    117624    118870    104697    104917    
1.75    1001    3935    1388    4823    456    3174    
2.0    21683    20561    16084    17732    23616    21723    
2.25    268410    264860    239390    251402    277667    272770    
2.5    898749    927372    874014    870600    915917    944080    
2.75    1953635    1951911    1887875    1923201    1973663    1971595    
3.0    2810567    2810887    2759937    2788493    2825702    2826240    
3.25    3335029    3335951    3311669    3325715    3341794    3342176    
3.5    3494734    3493174    3491925    3490382    3495441    3493430    
3.75    3493092    3493522    3495578    3494126    3492124    3492872    
4.0    3320814    3325028    3330793    3335017    3313186    3318207    
4.25    2750980    2755433    2801202    2806410    2734370    2737845    
4.5    1876431    1880436    1904801    1909147    1855356    1859223    
4.75    926517    927500    983047    984840    939934    940684    
5.0    283438    284233    314923    313612    273647    274180    
5.25    24857    26374    32082    29002    22769    24204    
5.5    371    2781    94    2946    520    2827    
5.75    92590    90974    85999    83009    97680    93986    
6.0    512404    534345    494082    490336    526223    521262    
6.25    1299909    1331806    1272678    1270127    1320206    1351829    
6.5    2275684    2274543    2213724    2247425    2295571    2292798    
6.75    3037844    3061146    3020150    3021147    3050743    3073469    
7.0    3432414    3431614    3418993    3426240    3436435    3435395    
7.25    3499984    3497688    3499952    3497569    3499995    3497468    
7.5    3456228    3459016    3465142    3466981    3453055    3456370    
7.75    3139717    3144853    3154819    3159034    3128276    3133802    
8.0    2405655    2410334    2464508    2469276    2386351    2391675    
8.25    1471913    1474610    1499994    1501106    1451137    1454056    
8.5    607540    608430    654591    655351    618649    593992    
8.75    129613    129838    149551    138160    123527    123594    
9.0    2130    3678    2756    4740    1734    3431    
9.25    15736    14500    11306    10462    17308    15552    
9.5    237447    233796    225609    221601    246066    241596    
9.75    839719    865885    816432    812968    856413    851639    
10.0    1736447    1770829    1707970    1706422    1756660    1789982    
10.25    2668199    2667076    2614039    2644352    2684686    2682273    
10.5    3266602    3281925    3254527    3255192    3274954    3289359    
10.75    3487512    3485932    3482801    3484101    3488776    3486930    
11.0    3497670    3496443    3498227    3496498    3497212    3496186    
11.25    3356387    3360230    3375820    3379283    3361480    3354966    
11.5    2859171    2864115    2905725    2884303    2844398    2849778    
11.75    2018587    2021775    2046608    2049378    1998646    2002338    
12.0    1052368    1054228    1111545    1113142    1034262    1035322    
12.25    355127    352741    370471    369477    344459    342899    
12.5    37299    38075    46594    47001    39529    35694    
12.75    23    2360    0    2534    50    2570    
13.0    69473    74577    63994    60469    73537    69825    
13.25    468108    462019    428646    423237    480714    474378    
13.5    1233425    1229258    1206585    1203303    1252573    1247742    
13.75    2174043    2207527    2146536    2145234    2193480    2226588    
14.0    2993840    2993305    2950839    2975901    3006795    3006846    
14.25    3409676    3417195    3402880    3402455    3414311    3413578    
14.5    3499685    3497322    3499497    3496974    3499786    3497349    
14.75    3470234    3471925    3477100    3474653    3467753    3470405    
15.0    3194813    3181153    3208543    3213069    3184392    3170835    
15.25    2502015    2506355    2558880    2531001    2483325    2489179    
15.5    1578294    1580244    1606634    1610200    1557303    1558811    
15.75    685979    686470    735781    736055    670197    670566    
16.0    163418    163337    173190    172492    156391    156287    
16.25    5099    5802    6190    7954    4379    5372    
16.5    8929    8091    7530    7322    12280    11112    
16.75    194636    205433    184139    180366    217057    227744    
17.0    782404    778370    731153    756059    829167    824760    
17.25    1665739    1662330    1637311    1634077    1723586    1720246    
17.5    2578199    2608876    2553727    2553916    2657634    2657563    
17.75    3235943    3236250    3205693    3222901    3261194    3260996    
18.0    3479201    3480860    3476519    3475248    3484020    3484861    
18.25    3498878    3497084    3499535    3496974    3497122    3496140    
18.5    3387488    3390983    3394951    3398161    3360358    3365238    
18.75    2909580    2913810    2954235    2959046    2841694    2847132    
19.0    2088009    2092225    2115776    2118473    1995016    1998630    
19.25    1116596    1117546    1176921    1178053    1030981    1031971    
19.5    393906    393904    431637    410054    342540    340958    
19.75    53346    53620    58231    58482    39027    39960    

----- Run Wed Jun 29 15:10:33 2022-----
0    3500000    3500187    3499999    3500195    3500000    3500196    
0.25    3444875    3447828    3440874    3443809    3441689    3444817    
0.5    3100112    3084767    3086934    3071565    3089588    3073643    
0.75    2339748    2344893    2318366    2322526    2322652    2326884    
1.0    1401678    1405168    1379310    1381977    1383779    1386528    
1.25    583068    560054    542381    542942    545458    545232    
1.5    109707    109944    103759    104075    104932    105128    
1.75    989    3550    737    3486    462    3065    
2.0    25279    23903    23979    22245    23436    21257    
2.25    285376    299202    279370    292902    276817    288783    
2.5    961796    959224    950641    948191    914351    942122    
2.75    1880550    1878816    1867728    1866465    1862229    1859123    
3.0    2754210    2754692    2744138    2745188    2739804    2738762    
3.25    3308958    3323115    3317686    3318702    3315693    3315892    
3.5    3493271    3491746    3492702    3491352    3492449    3490428    
3.75    3494548    3493449    3495048    3493513    3495208    3494173    
4.0    3320486    3324717    3325364    3329807    3326972    3332326    
4.25    2778766    2754545    2789324    2765559    2792827    2768306    
4.5    1875514    1879493    1889249    1893684    1893824    1898115    
4.75    957408    958427    969394    970796    973402    974101    
5.0    283009    283674    289496    288645    291677    292198    
5.25    24764    26283    26188    27683    26674    28014    
5.5    377    2873    296    3028    272    2544    
5.75    92808    99791    98358    95249    88514    93401    
6.0    537170    534767    528039    524064    525014    519871    
6.25    1336145    1332466    1322859    1355766    1318438    1349907    
6.5    2311068    2309489    2298158    2297578    2293846    2290996    
6.75    3060701    3061778    3052411    3053043    3049629    3049812    
7.0    3432593    3438517    3436948    3436247    3436092    3434938    
7.25    3499998    3497496    3499996    3497477    3499994    3497285    
7.5    3456094    3453322    3452630    3454896    3458743    3456847    
7.75    3119184    3124565    3126770    3131248    3129279    3135139    
8.0    2404819    2409593    2417349    2387171    2421515    2425661    
8.25    1471009    1438035    1448431    1450028    1452942    1455861    
8.5    606889    607890    616681    616807    619963    621257    
8.75    129344    118843    133405    122697    134776    135103    
9.0    1459    3624    1686    3788    1765    4073    
9.25    15806    14445    17605    15836    14455    12816    
9.5    237834    234218    247652    242677    230149    225905    
9.75    840474    866700    890215    886292    825413    850862    
10.0    1774117    1771827    1797081    1794376    1755742    1752693    
10.25    2668952    2667973    2687669    2717622    2653847    2681752    
10.5    3282022    3282237    3291118    3291868    3274579    3274052    
10.75    3487571    3485786    3488997    3487324    3486347    3484441    
11.0    3496771    3495756    3494918    3494181    3497234    3496260    
11.25    3356101    3359984    3336737    3340739    3361759    3366859    
11.5    2858502    2837144    2786516    2791056    2871798    2850529    
11.75    1981392    1984138    1922163    1925517    1999553    2003365    
12.0    1051542    1020225    998391    966914    1068096    1036183    
12.25    335394    333104    305412    303770    344941    343239    
12.5    37176    37892    29820    26923    39656    40630    
12.75    83    2397    573    2909    48    2461    
13.0    76972    74394    99264    105027    73348    69469    
13.25    491160    486628    555051    550321    480137    473756    
13.5    1268300    1263966    1361918    1359593    1251701    1246635    
13.75    2209330    2243086    2335907    2334428    2192598    2225874    
14.0    3017264    3016505    3076491    3076838    3006210    3006151    
14.25    3417990    3424766    3437628    3443388    3414104    3421132    
14.5    3499944    3497230    3500000    3497321    3499782    3497093    
14.75    3465721    3467869    3446117    3448304    3472086    3474580    
15.0    3176096    3180632    3104279    3109110    3184849    3189714    
15.25    2501205    2505824    2380455    2383537    2516551    2522377    
15.5    1577381    1542149    1408851    1410532    1594744    1559764    
15.75    685289    686012    588179    588252    698451    698930    
16.0    163109    151161    121711    111701    169050    156764    
16.25    3863    5665    1082    3440    5715    6371    
16.5    8977    8192    21006    19105    8097    7469    
16.75    194980    192177    265089    260108    188499    184212    
17.0    754058    750364    892539    920725    740419    736549    
17.25    1666656    1663365    1836554    1834760    1649229    1645769    
17.5    2578985    2578224    2719426    2719645    2564020    2562047    
17.75    3219563    3236497    3306223    3306937    3228455    3228441    
18.0    3479285    3477766    3491189    3489402    3477670    3475899    
18.25    3499286    3496992    3493370    3492808    3498591    3497038    
18.5    3387243    3390709    3323098    3327326    3381998    3386699    
18.75    2934328    2913179    2784406    2760166    2921069    2900133    
19.0    2087112    2091465    1882841    1886799    2068237    2071974    
19.25    1149608    1151027    963793    964616    1131794    1133202    
19.5    393389    393391    286458    285523    382599    380482    
19.75    53192    53465    25517    26392    50043    50627    

----- Run Wed Jun 29 15:12:26 2022-----
0    3500000    3500251    3500000    3499838    3499999    3500149    
0.1    3495578    3496937    3495957    3497257    3494818    3496790    
0.2    3465375    3463063    3462153    3464573    3462520    3460288    
0.30000000000000004    3376864    3381324    3380216    3384016    3370523    3374705    
0.4    3227825    3216227    3233254    3220896    3217637    3205222    
0.5    2982811    2989790    2990575    2996253    2968318    2974683    
0.6    2685806    2690944    2476794    2448933    2446394    2451157    
0.7    2086214    2055110    2097874    2065840    2064636    2068934    
0.7999999999999999    1684555    1651756    1696490    1662852    1662529    1665983    
0.8999999999999999    1287154    1255461    1298588    1266685    1266113    1269038    
0.9999999999999999    919446    889836    929668    898524    900695    901746    
1.0999999999999999    602994    580085    611449    586741    587538    589213    
1.2    333502    332170    339672    338441    322282    321870    
1.3    162182    162880    166220    166706    154888    155418    
1.4000000000000001    59372    60542    61529    62629    55517    56367    
1.5000000000000002    12135    14335    12909    14866    10786    12632    
1.6000000000000003    294    3450    363    3541    191    2936    
1.7000000000000004    733    3367    1006    3669    1481    3358    
1.8000000000000005    16226    15434    18208    16990    21174    19425    
1.9000000000000006    77943    76161    83326    80647    91075    87211    
2.0000000000000004    196016    193751    205486    201524    218900    215119    
2.1000000000000005    384385    381315    398323    394096    417868    413285    
2.2000000000000006    644843    640016    663050    686753    688395    683549    
2.3000000000000007    1002037    998976    1024023    1020609    1054433    1050089    
2.400000000000001    1378864    1376695    1403021    1401451    1436264    1434437    
2.500000000000001    1779629    1777650    1804428    1802735    1838389    1834806    
2.600000000000001    2178466    2212654    2202292    2237684    2234761    2232621    
2.700000000000001    2549756    2581208    2602416    2603089    2600084    2632304    
2.800000000000001    2897653    2898146    2915019    2915943    2938401    2939005    
2.9000000000000012    3147800    3148890    3160806    3162065    3178181    3178617    
3.0000000000000013    3325524    3339164    3334093    3347431    3345412    3357529    
3.1000000000000014    3440791    3440174    3445108    3444798    3450688    3449430    
3.2000000000000015    3487924    3486830    3489429    3490272    3491283    3489521    
3.3000000000000016    3499866    3497999    3499930    3497862    3499979    3497605    
3.4000000000000017    3499259    3497898    3498476    3497056    3497843    3496845    
3.5000000000000018    3480704    3482096    3475003    3476823    3471272    3473984    
3.600000000000002    3421862    3425361    3408278    3411720    3399824    3404359    
3.700000000000002    3303638    3293791    3264873    3269346    3265643    3255082    
3.800000000000002    3094342    3100047    3058775    3064478    3037563    3042954    
3.900000000000002    2827414    2833455    2781589    2757237    2754569    2758179    
4.000000000000002    2464508    2469386    2409836    2413960    2377924    2383903    
4.100000000000001    2084418    2089140    2024921    2027891    1990476    1994172    
4.200000000000001    1682718    1649357    1622196    1588886    1587430    1552476    
4.300000000000001    1250394    1253181    1193231    1195713    1160679    1162745    
4.4    886734    887904    836321    807777    807867    809113    
4.5    551017    552519    510915    510523    488538    487745    
4.6    314010    313182    284730    284333    268619    269181    
4.699999999999999    138102    138819    120425    120408    110922    110731    
4.799999999999999    46876    47660    38156    38972    33650    34843    
4.899999999999999    7943    8412    4116    6498    4173    5381    
4.999999999999998    10    2781    0    2900    1    2506    
5.099999999999998    1741    3541    4100    6068    5248    5555    
5.1999999999999975    22636    24479    38093    35566    37725    39658    
5.299999999999997    94782    93034    120296    117021    130015    126011    
5.399999999999997    225233    236982    267577    280506    283222    295411    
5.4999999999999964    448978    442665    510616    506843    532899    528220    
5.599999999999996    728313    753477    806009    832313    833683    859202    
5.699999999999996    1101885    1097569    1192799    1189552    1190220    1185743    
5.799999999999995    1487754    1484242    1585145    1582752    1618990    1616389    
5.899999999999995    1890620    1888740    1988205    1987708    2021754    2020878    
5.999999999999995    2284342    2317033    2409417    2409455    2406909    2436756    
6.099999999999994    2674211    2673365    2752775    2753446    2779118    2780830    
6.199999999999994    2973474    2973558    3036148    3058985    3056843    3057273    
6.299999999999994    3221269    3221794    3264679    3266261    3278691    3278492    
6.399999999999993    3372790    3373350    3399251    3399168    3407518    3407114    
6.499999999999993    3463547    3462468    3474956    3473884    3474672    3476520    
6.5999999999999925    3495095    3493165    3497794    3495719    3498422    3496003    
6.699999999999992    3499999    3497615    3499982    3497560    3499935    3497404    
6.799999999999992    3496597    3495921    3491400    3491352    3489562    3490638    
6.8999999999999915    3469493    3471540    3451053    3447672    3445499    3449338    
6.999999999999991    3386255    3389958    3346159    3350389    3334874    3339960    
7.099999999999991    3243107    3247676    3179336    3184110    3161997    3167274    
7.19999999999999    3027900    3010463    2939964    2918836    2916614    2895591    
7.29999999999999    2713194    2717421    2602028    2606046    2573090    2576319    
7.39999999999999    2363550    2367973    2236949    2240888    2204493    2209888    
7.499999999999989    1938594    1942619    1803970    1806599    1769984    1773292    
7.599999999999989    1535436    1536876    1402574    1404444    1369494    1371906    
7.699999999999989    1146208    1113499    991111    993189    961397    961878    
7.799999999999988    765995    767320    662712    636317    637829    638551    
7.899999999999988    455963    455876    377519    376435    359053    357035    
7.999999999999988    245473    245506    191382    190803    179023    178443    
8.099999999999987    97569    97548    67942    68662    68481    61906    
8.199999999999987    27564    28856    15291    16661    12909    14454    
8.299999999999986    2734    4109    346    2873    363    2680    
8.399999999999986    4    2699    644    3028    1006    2845    
8.499999999999986    5876    6901    15529    16624    18208    16450    
8.599999999999985    45272    42112    76007    72819    83326    79438    
8.699999999999985    134913    131202    192577    188734    205486    201423    
8.799999999999985    308789    304768    399888    394645    419475    414658    
8.899999999999984    543917    541212    665088    660908    690469    685471    
8.999999999999984    847290    873713    1026477    1022441    1024023    1052332    
9.099999999999984    1240378    1236042    1405711    1403730    1438966    1436753    
9.199999999999983    1635478    1668748    1807183    1842359    1841141    1837305    
9.299999999999983    2074083    2072596    2240007    2239643    2272217    2268327    
9.399999999999983    2455053    2453437    2604745    2604774    2633273    2634190    
9.499999999999982    2819531    2819044    2942147    2942997    2940276    2965464    
9.599999999999982    3088261    3089436    3180950    3181236    3197722    3197953    
9.699999999999982    3285324    3300172    3347201    3359287    3357954    3369257    
9.799999999999981    3419593    3418660    3451558    3450492    3456698    3455189    
9.89999999999998    3479778    3481327    3491561    3491508    3493151    3490922    
9.99999999999998    3499148    3496827    3499983    3497404    3499997    3497358    

----- Run Wed Jun 29 15:18:42 2022-----
0    3500000    3500169    3500000    3500013    3499996    3500232    
0.0625    3498804    3499949    3498902    3499629    3498276    3498923    
0.125    3490733    3490427    3491119    3490629    3486442    3488441    
0.1875    3464909    3467613    3465836    3468299    3455141    3458155    
0.25    3413377    3417570    3415036    3418641    3396358    3400339    
0.3125    3329525    3334660    3332055    3336811    3317521    3308933    
0.375    3226143    3214780    3229503    3217756    3192565    3197578    
0.4375    3071896    3078010    3076222    3082212    3029043    3034861    
0.5    2879710    2885117    2884957    2890153    2828097    2834003    
0.5625    2652710    2658332    2658769    2664100    2624448    2630637    
0.625    2429831    2402396    2436467    2407917    2365244    2371644    
0.6875    2154092    2158280    2161194    2164936    2085317    2088755    
0.75    1864522    1868946    1871851    1876188    1830590    1797800    
0.8125    1570989    1573927    1614872    1581617    1537257    1538981    
0.875    1318881    1321598    1325957    1329582    1251265    1254151    
0.9375    1044947    1047810    1051542    1053468    1014638    1016004    
1.0    824289    826811    830296    831901    767446    768830    
1.0625    600404    602570    605590    606956    576711    551823    
1.125    433273    413770    437651    417021    392354    370246    
1.1875    277880    262708    281293    265409    246265    246366    
1.25    160952    161927    163418    164097    138382    139295    
1.3125    80407    81516    82010    83805    73255    66730    
1.375    36214    33753    37176    34266    27764    29368    
1.4375    9741    12266    10150    12687    6341    8604    
1.5    852    3980    935    4109    532    3083    
1.5625    0    3312    0    3440    4    2753    
1.625    1208    3962    1110    4164    2470    4008    
1.6875    11418    11186    10975    10975    13620    14857    
1.75    40100    37928    39088    37177    44997    47614    
1.8125    86832    94462    85171    91194    103876    100110    
1.875    170793    168436    168260    165177    196362    192542    
1.9375    291457    287931    287974    284031    326231    321531    
2.0    450649    444972    446200    441593    471529    465717    
2.0625    620948    643101    615698    638221    672586    667124    
2.125    848048    844453    841987    838273    907317    903129    
2.1875    1071000    1100581    1064362    1094053    1135602    1131425    
2.25    1346796    1343745    1339693    1338252    1415582    1413645    
2.3125    1636395    1634498    1629066    1626441    1670327    1703913    
2.375    1893366    1928474    1886044    1922248    1963654    1961368    
2.4375    2182003    2180564    2174927    2173844    2249606    2246464    
2.5    2455876    2455039    2449282    2449665    2486176    2517936    
2.5625    2706200    2705875    2670456    2700712    2733280    2732032    
2.625    2900242    2900874    2895060    2895985    2948983    2949662    
2.6875    3088792    3090809    3084535    3085829    3108163    3129297    
2.75    3239232    3240150    3219136    3237174    3254131    3254276    
2.8125    3339354    3340556    3336891    3338148    3361898    3362382    
2.875    3419791    3419968    3418192    3418147    3434181    3433308    
2.9375    3468467    3467924    3467586    3466990    3472336    3470954    
3.0    3490310    3488972    3489901    3488770    3493697    3491682    
3.0625    3499157    3497413    3499075    3497294    3499476    3497330    
3.125    3500000    3498109    3500000    3497999    3499995    3497642    
3.1875    3498779    3497633    3498878    3497395    3498243    3496689    
3.25    3488526    3489484    3491023    3491627    3486316    3488001    
3.3125    3464674    3467301    3465606    3468070    3460155    3463383    
3.375    3421077    3424610    3422640    3426212    3413585    3409366    
3.4375    3353219    3345472    3355527    3359626    3329842    3334806    
3.5    3241887    3246888    3245133    3249772    3226564    3214213    
3.5625    3113055    3097822    3117147    3101786    3072439    3077817    
3.625    2929925    2935078    2934957    2939985    2880367    2885493    
3.6875    2710989    2715424    2716863    2720378    2683568    2660309    
3.75    2461223    2465962    2467789    2472618    2430661    2434788    
3.8125    2222940    2190965    2229949    2234397    2154981    2158289    
3.875    1935856    1940266    1943154    1947087    1865438    1869449    
3.9375    1642354    1645795    1649688    1652488    1608465    1573698    
4.0    1388249    1355088    1395408    1363044    1319765    1321909    
4.0625    1109863    1111356    1116596    1117390    1045771    1047150    
4.125    852988    854643    859083    859568    825039    796580    
4.1875    651895    625761    657292    631391    601051    602552    
4.25    454282    454228    458772    458604    412270    411042    
4.3125    294307    294660    297834    297407    278305    261820    
4.375    185977    172776    188668    175340    161259    161552    
4.4375    96896    97007    98698    99388    88832    80930    
4.5    46314    41865    47441    48191    36334    37452    
4.5625    14228    16120    14754    16349    11960    13621    
4.625    2669    5024    2844    5152    1951    3696    
4.6875    42    2891    53    3010    1    2662    
4.75    240    2900    211    3175    438    2735    
4.8125    4604    5189    4392    5564    5840    7148    
4.875    19614    21412    19060    20762    26429    24131    
4.9375    57504    54527    56385    53694    70749    67087    
5.0    124703    121525    122877    119547    134638    141538    
5.0625    226738    223579    224107    219688    240951    236680    
5.125    347108    363700    343739    358839    385408    381415    
5.1875    520793    518443    516589    512400    568185    563889    
5.25    731153    728126    726186    722605    757666    783085    
5.3125    941913    970979    936374    966090    1003660    999973    
5.375    1207448    1204136    1201410    1197837    1274430    1269980    
5.4375    1491379    1488096    1485036    1483720    1561406    1558555    
5.5    1784223    1781706    1777792    1775453    1818200    1851377    
5.5625    2039837    2074693    2033512    2069209    2109068    2106150    
5.625    2322222    2320576    2316220    2315064    2387614    2385798    
5.6875    2585257    2584962    2579769    2580348    2614039    2645405    
5.75    2820905    2820618    2816090    2816389    2846084    2845228    
5.8125    2999751    2999302    2995617    2996253    3044037    3044181    
5.875    3169323    3170075    3166025    3166697    3204373    3204536    
5.9375    3300333    3301032    3283493    3298414    3313017    3313080    
6.0    3384138    3384666    3382376    3382743    3402431    3402161    
6.0625    3447872    3446803    3446808    3445933    3458677    3457212    
6.125    3483020    3481684    3482505    3481281    3485576    3483900    
6.1875    3496378    3495353    3496191    3494254    3498049    3495637    
6.25    3499958    3497633    3499949    3497660    3499999    3497468    
6.3125    3499756    3497587    3499785    3497477    3499556    3497404    
6.375    3495364    3493934    3495578    3493925    3492555    3493128    
6.4375    3476922    3478361    3477540    3478892    3469385    3471961    
6.5    3435661    3439103    3436863    3440000    3421470    3425471    
6.5625    3364260    3368076    3366186    3369734    3353799    3358719    
6.625    3272884    3262013    3275518    3264750    3242701    3247620    
6.6875    3132777    3138169    3136256    3141282    3093288    3098856    
6.75    2954235    2959879    2958541    2964082    2931185    2910578    
6.8125    2768136    2743330    2773106    2747853    2712459    2716505    
6.875    2525395    2497620    2531007    2503471    2462866    2467856    
6.9375    2257012    2261478    2263100    2267338    2189512    2194370    
7.0    1971389    1974571    1977755    1981236    1901142    1905283    
7.0625    1678129    1680640    1721290    1687745    1644187    1647123    
7.125    1423219    1426399    1429514    1430757    1354353    1356489    
7.1875    1142811    1144499    1148758    1150926    1111545    1079230    
7.25    913961    883811    919446    887922    854510    855457    
7.3125    678409    678925    683222    684199    626551    627546    
7.375    476397    474662    503792    479698    455401    455454    
7.4375    330207    328242    333502    331812    295187    295292    
7.5    199318    198090    201772    201093    186648    173170    
7.5625    115612    105567    117371    107453    97344    97153    
7.625    51978    52338    53040    53291    41193    42029    
7.6875    16907    18372    17420    18611    14358    13456    
7.75    2648    4859    2801    4740    1934    4099    
7.8125    40    2561    50    2644    1    2662    
7.875    249    2653    219    2909    769    2662    
7.9375    6022    6095    5768    6187    7487    8604    
8.0    23168    25037    22548    24360    30722    28077    
8.0625    64511    61402    63307    60340    78727    74906    
8.125    136017    132401    134089    130580    158357    154099    
8.1875    242910    239198    240169    235334    257705    252921    
8.25    367721    364515    364240    359516    407239    402875    
8.3125    546381    543592    542072    537742    569444    565198    
8.375    732575    729398    727603    723878    788276    784540    
8.4375    975408    972343    969794    967216    1037955    1033536    
8.5    1243860    1239851    1237770    1233543    1276183    1306922    
8.5625    1529520    1525916    1523153    1521412    1599772    1597199    
8.625    1822790    1819141    1816364    1814436    1856730    1890717    
8.6875    2077680    2110764    2071385    2106260    2146536    2144391    
8.75    2358038    2356034    2352093    2351081    2422763    2418949    
8.8125    2617900    2617564    2612493    2612831    2646251    2674628    
8.875    2822277    2848515    2817467    2844258    2874110    2872758    
8.9375    3024177    3023673    3020150    3020506    3067273    3067921    
9.0    3188720    3189301    3185534    3185639    3222545    3222755    
9.0625    3314692    3315168    3312344    3312696    3326810    3339530    
9.125    3394359    3403407    3392697    3401530    3411591    3410941    
9.1875    3453966    3452708    3452983    3451747    3458937    3462394    
9.25    3483165    3484266    3482653    3483964    3488155    3486381    
9.3125    3497374    3495179    3497222    3495683    3498693    3496268    
9.375    3499993    3497486    3499989    3497450    3500000    3497376    
9.4375    3499522    3497514    3499568    3497193    3499221    3497101    
9.5    3493941    3492432    3494196    3493824    3490635    3491553    
9.5625    3472983    3474598    3473668    3475102    3469171    3467521    
9.625    3428144    3431284    3429434    3432466    3421077    3425040    
9.6875    3363707    3356074    3365637    3358088    3341339    3346268    
9.75    3256696    3261042    3259440    3263697    3225299    3229996    
9.8125    3111514    3116627    3115104    3120088    3092233    3075941    
9.875    2928033    2932597    2957312    2936900    2904438    2909250    
9.9375    2737995    2741755    2743057    2746259    2681327    2687134    

----- Run Wed Jun 29 15:22:49 2022-----
0    3500000    3500279    3499998    3500177    3499998    3500168    3499961    3500306    3499935    3500167    3499940    3500277    3499887    3500149    3499805    3500113    3499522    3500058    
0.0625    3495814    3497074    3494685    3495966    3492848    3494493    3492299    3493293    3491540    3492744    3491677    3492670    3490487    3491554    3491166    3492286    3488356    3489823    
0.125    3466294    3469114    3462029    3464838    3460912    3464024    3459260    3461405    3457032    3453989    3451917    3454419    3454036    3456580    3450325    3452818    3442013    3444981    
0.1875    3398447    3402848    3389931    3394059    3377642    3381636    3374246    3376957    3369717    3372700    3370523    3362299    3363707    3366493    3367551    3359571    3352348    3343980    
0.25    3263328    3268440    3249157    3254029    3245537    3250889    3240256    3227488    3233254    3220420    3217637    3221811    3224031    3210395    3212894    3216950    3188947    3193229    
0.3125    3078377    3062244    3058775    3065348    3031322    3036766    3023890    3028360    3014078    3018848    3015817    2997901    3001223    3007194    3009424    2990403    2977401    2985130    
0.375    2806759    2813422    2781589    2787742    2775231    2780107    2766002    2770072    2753852    2728480    2727097    2731080    2737995    2740272    2719061    2722904    2679082    2683894    
0.4375    2505252    2510749    2475977    2482377    2435638    2439796    2424844    2429679    2410672    2415543    2413178    2384818    2392238    2398084    2403981    2376752    2358463    2364329    
0.5    2129169    2133442    2132735    2100538    2088906    2091969    2077231    2081897    2061935    2066874    2064636    2032642    2042095    2045945    2054726    2058295    2005902    2009745    
0.5625    1802133    1806883    1769065    1772495    1724045    1728367    1712104    1715677    1696490    1700205    1662529    1666385    1676293    1678819    1652439    1656059    1639604    1606657    
0.625    1400781    1404627    1368603    1372922    1360583    1327851    1349018    1317743    1298588    1302335    1301231    1305155    1314463    1282148    1291549    1294553    1244295    1246195    
0.6875    1054846    1024619    1025250    1028025    985463    985975    975007    977213    961397    962455    932033    934083    943894    943321    923372    924937    912396    884855    
0.75    716650    718485    691509    693803    685289    659150    676352    651056    637829    639237    639829    641544    649876    625138    632509    632737    597175    599668    
0.8125    462156    441154    442053    421030    415465    414933    408560    410785    399628    401209    380562    382020    388229    387110    374994    374567    367972    347505    
0.875    249845    251685    235707    237138    232249    216914    227305    214048    220937    207612    207448    209104    212855    199262    203535    203346    184973    185749    
0.9375    119402    120893    110435    112324    98924    99809    96003    98270    92265    93894    92918    95002    96225    88282    90538    91843    79416    81159    
1.0    42768    38935    38156    34760    32414    33635    30991    33103    29193    31354    25517    27811    26969    28892    24486    26246    23212    22346    
1.0625    6690    9647    5367    8540    5066    6517    4652    6891    3098    6461    3169    6351    3544    5546    2913    5683    1849    4878    
1.125    63    3230    19    3468    1    2681    1    3815    0    3623    0    3623    0    3605    0    3468    0    3715    
1.1875    1063    3385    2215    4630    1677    3202    1873    4639    3039    5555    3988    5390    2636    4585    3229    4914    3582    6196    
1.25    15667    14710    21512    20267    18981    19911    19936    20084    28934    24424    28625    25092    23346    21678    25754    21632    31261    26722    
1.3125    61949    65925    75624    72205    77360    72929    79713    75739    91722    86927    91075    96073    87881    84693    84964    90360    96559    101219    
1.375    167003    164170    191894    188157    181487    177308    185474    195875    205486    215732    218900    215238    199143    210716    208343    206193    228250    225199    
1.4375    322050    337956    358314    354499    362753    358473    368719    365009    398323    393482    396761    413038    389001    386048    381834    399177    409883    425471    
1.5    561911    558955    610470    605994    590420    585542    598142    619004    636163    658600    661014    657438    624240    616917    641498    635603    678066    673551    
1.5625    838964    835416    897196    893589    873246    899852    913568    909894    959401    955744    957009    953437    913568    909007    934005    928590    945082    975282    
1.625    1161959    1158900    1227349    1223261    1200548    1230375    1210902    1241031    1261304    1292219    1293747    1290360    1245600    1237919    1268300    1264277    1315787    1311116    
1.6875    1515882    1512687    1585145    1581956    1593372    1590800    1604347    1602436    1657482    1653806    1654731    1689383    1640978    1638600    1628149    1662000    1677669    1674049    
1.75    1918965    1917414    1951813    1987653    1960011    1957341    1970934    1967704    2023563    2021747    2056979    2054441    2007261    2005341    2030800    2028934    2079477    2077284    
1.8125    2276551    2275916    2341879    2341376    2349541    2350029    2359734    2358423    2408582    2405079    2406073    2403953    2393498    2391996    2381719    2380927    2426922    2424021    
1.875    2606297    2606614    2664432    2664576    2640917    2670472    2650052    2679618    2693619    2721384    2720890    2720112    2680204    2679472    2669704    2699339    2709884    2708155    
1.9375    2892460    2891865    2940900    2941990    2921385    2920997    2928979    2928531    2964967    2987217    2987296    2986558    2953926    2954221    2969836    2969721    3002104    2999348    
2.0    3123997    3125242    3161282    3162989    3146338    3165754    3171199    3170579    3197722    3196296    3196380    3196039    3189626    3189704    3183247    3183442    3207449    3207694    
2.0625    3295757    3310481    3321631    3335383    3324555    3324479    3328409    3327829    3346308    3345408    3357101    3356843    3340881    3340968    3348682    3348832    3364121    3363673    
2.125    3417384    3417011    3431878    3431101    3426181    3432209    3435574    3433967    3445108    3442124    3444639    3442481    3435574    3440293    3439969    3438334    3448472    3446528    
2.1875    3475329    3478278    3481752    3483735    3482431    3480888    3483310    3481473    3487152    3484504    3489269    3487314    3486029    3483991    3487631    3485941    3488441    3488560    
2.25    3497870    3495966    3498988    3496809    3499086    3496717    3499206    3496360    3499642    3496130    3499625    3496625    3499531    3496388    3499430    3496671    3499752    3496836    
2.3125    3499998    3497788    3499930    3497715    3499974    3497523    3499960    3496946    3499646    3496167    3499396    3496671    3499881    3496745    3499797    3497092    3499508    3496809    
2.375    3495756    3495701    3491400    3492084    3494303    3493467    3492255    3492368    3487182    3487864    3487363    3487964    3492255    3491352    3491071    3491663    3488242    3489164    
2.4375    3470443    3468931    3456632    3459812    3460661    3464518    3459131    3463776    3445188    3450117    3445654    3450547    3459131    3459986    3455686    3461817    3447947    3453907    
2.5    3406974    3411198    3379448    3383750    3387243    3392091    3384264    3388456    3358098    3363141    3358948    3351011    3373982    3378532    3377642    3371226    3363152    3367948    
2.5625    3277761    3282136    3232006    3236579    3260610    3265647    3255908    3244608    3215486    3202769    3199281    3203794    3239847    3244077    3229084    3233530    3205914    3211054    
2.625    3098542    3104176    3035298    3041654    3074603    3057896    3046000    3050937    2989384    2995310    2991169    2997141    3023317    3028150    3031322    3036527    3000046    3007331    
2.6875    2832871    2838957    2780178    2756495    2801899    2806584    2793528    2798728    2723449    2697928    2696218    2701014    2765289    2768168    2746663    2750352    2736546    2710874    
2.75    2535808    2540431    2441434    2447001    2499584    2472572    2489840    2462281    2375392    2380881    2377924    2383024    2457111    2429963    2435638    2440015    2390558    2396437    
2.8125    2198330    2166676    2095186    2062983    2122923    2125807    2112200    2116221    2024017    2027836    2026731    1994373    2076333    2080030    2088906    2056702    2040288    2045185    
2.875    1800297    1804520    1693736    1698402    1758959    1762855    1747934    1714844    1657942    1625141    1624028    1627430    1711184    1712647    1687308    1691370    1637771    1641996    
2.9375    1434915    1438273    1331270    1334232    1358802    1361250    1348129    1351746    1261741    1264982    1264364    1232737    1312697    1316215    1325073    1292558    1277499    1281077    
3.0    1053194    1055573    991111    960862    1016268    1016883    1006502    1009449    928092    929478    899139    901984    974205    974861    953426    953812    910832    912641    
3.0625    743640    744862    662712    664780    683910    684996    675666    677689    610145    611762    612103    613337    648532    649619    657969    657969    621936    622676    
3.125    483894    460188    419208    419620    436006    436036    429461    431376    378025    378513    379546    380381    429461    408753    415465    417432    387203    386955    
3.1875    282150    283244    234935    235728    263232    247612    242322    244132    205664    207154    206733    208381    242322    226563    232249    231873    212129    212501    
3.25    140347    130286    109949    102171    117624    117964    114615    116654    91832    93656    84041    85663    104932    105824    98924    100019    87147    88740    
3.3125    48012    48393    33198    33991    41845    37489    40292    37296    25044    27244    25328    27381    35385    32737    32414    33726    26772    29212    
3.375    10255    10554    5299    6937    6417    8696    5968    9226    3051    6782    2263    5362    4621    7395    5066    6773    3492    6846    
3.4375    156    2799    2    3138    51    2516    35    3971    0    3870    1    3458    7    3513    1    3385    0    4054    
3.5    382    2726    2233    4246    723    2763    837    4273    3085    5637    4015    5536    1299    3999    1110    4054    1908    4722    
3.5625    10812    9849    21597    19599    13494    11891    14260    12458    25185    24946    28728    25257    17016    13740    18903    15607    23526    19865    
3.625    49530    45600    75815    71711    56545    52311    58473    55515    83734    79081    82919    78879    58473    53730    62627    58866    72414    70375    
3.6875    121582    118330    166062    162723    133814    140532    137125    144230    192235    188019    190871    187397    148527    155555    155938    152067    173028    168446    
3.75    253253    265931    320664    335685    289277    284306    294526    290027    358806    355039    376760    372892    312415    306580    323904    319691    330911    346726    
3.8125    466971    460316    560036    554890    493496    486940    500543    520182    585300    604474    608515    604090    524409    545396    539619    536524    573862    569731    
3.875    722647    747663    836698    831937    784604    781053    793431    788843    897972    893003    894866    921265    823164    820200    811958    840543    853367    850715    
3.9375    1061876    1057954    1159400    1189313    1100208    1095738    1110283    1106385    1228217    1224296    1259556    1255497    1144083    1142164    1165373    1160703    1212631    1208110    
4.0    1408401    1405799    1549553    1547514    1485942    1481797    1496818    1492838    1622654    1619263    1618990    1652671    1533160    1529514    1519518    1516276    1569619    1566703    
4.0625    1809937    1806855    1916224    1951426    1852146    1848585    1863146    1860102    1989113    1985840    2021754    2019349    1899770    1897318    1922619    1920344    1972752    1969746    
4.125    2172272    2169926    2308489    2307658    2212846    2244670    2258316    2255765    2376657    2374903    2373280    2371314    2258316    2289356    2280015    2275724    2327360    2326463    
4.1875    2512117    2543433    2634804    2664741    2580554    2579469    2589949    2588312    2695104    2693662    2721620    2720542    2620984    2620640    2640154    2639674    2651571    2679856    
4.25    2840001    2839542    2941524    2941990    2870805    2896040    2878723    2903391    2990276    2988737    2987894    2986640    2904759    2931214    2920750    2920219    2955159    2955970    
4.3125    3082933    3105348    3161758    3162531    3127523    3128740    3133523    3132959    3198613    3197559    3196828    3214048    3153131    3152168    3165080    3165296    3190532    3190126    
4.375    3281654    3281971    3334717    3335429    3298228    3311918    3302423    3315287    3358522    3357557    3357385    3357071    3316027    3328837    3324232    3324003    3341490    3340629    
4.4375    3400394    3408735    3432058    3437675    3418794    3417744    3421175    3419510    3445420    3442124    3450834    3448551    3428790    3427357    3433301    3431623    3435920    3440238    
4.5    3471527    3470359    3484709    3483433    3475974    3474488    3477055    3474881    3487272    3484614    3487030    3484733    3477055    3478370    3479201    3477637    3483454    3481465    
4.5625    3494834    3493018    3498482    3495930    3497199    3494804    3497457    3494474    3499384    3495792    3499350    3496589    3498202    3495335    3497943    3495829    3498784    3495701    
4.625    3499999    3497440    3499981    3497266    3500000    3497377    3500000    3496680    3499819    3496194    3499657    3496671    3499999    3496671    3499997    3496937    3499959    3496653    
4.6875    3498370    3496891    3494583    3494080    3496648    3496049    3496339    3494822    3489350    3489503    3489562    3487735    3495177    3494355    3495637    3493760    3493830    3493247    
4.75    3477974    3479725    3461659    3464225    3473765    3476631    3472587    3475449    3450907    3449851    3445499    3450373    3468413    3473628    3465606    3470277    3459003    3463694    
4.8125    3423222    3427476    3389202    3393336    3405438    3410054    3402769    3406959    3357529    3362656    3358664    3350654    3393531    3398481    3397057    3391688    3384013    3388410    
4.875    3306052    3309391    3247953    3252171    3289859    3294560    3285507    3289670    3214624    3201670    3198837    3203016    3270612    3275288    3261000    3265006    3239438    3243766    
4.9375    3138730    3124061    3057120    3063105    3094869    3100578    3088527    3093601    2988192    2994037    2990575    2971808    3067001    3070777    3075144    3058363    3045440    3050123    
5.0    2885611    2889603    2779473    2785050    2855157    2860224    2847096    2851819    2721987    2696564    2695475    2699640    2819875    2826258    2802594    2806043    2764577    2766584    
5.0625    2598139    2602686    2473523    2478834    2530206    2536146    2520575    2525361    2373702    2378950    2377080    2347620    2488213    2492906    2500395    2504670    2456289    2460926    
5.125    2267444    2236924    2130061    2097425    2192158    2197282    2181562    2185068    2022207    2025904    1989568    1993458    2146092    2148905    2123815    2125898    2075433    2079289    
5.1875    1872767    1876600    1729558    1733366    1830590    1797645    1782845    1786878    1619450    1622779    1623112    1626203    1782845    1749561    1759877    1762891    1710266    1713041    
5.25    1470105    1472578    1365928    1332868    1428615    1431846    1417828    1421198    1259993    1262464    1263490    1266382    1417828    1384696    1395408    1398447    1347241    1350822    
5.3125    1153011    1120283    1022798    1025306    1080568    1081996    1070586    1072529    926517    927857    929668    900629    1037545    1041090    1049893    1018018    1005691    973295    
5.375    801190    803318    689433    691276    767446    740019    758751    732584    608842    610178    611449    612595    730088    703608    712431    715803    674982    677214    
5.4375    530771    530985    440399    440824    503200    479533    496133    473096    397542    378229    379039    379767    472958    473371    458772    459867    428918    430946    
5.5    317213    315626    250244    250632    296509    279390    291240    275461    204953    206183    206377    207483    257502    258524    263645    264713    241931    242292    
5.5625    163729    152149    119657    120509    138382    138893    135052    137024    91399    93198    92265    93482    135052    137245    128275    129646    114365    115592    
5.625    67052    67225    42902    43696    59209    53044    51079    52695    28780    30787    29193    30842    45341    46525    47441    47742    40164    41462    
5.6875    17793    16834    8439    10664    12076    13713    11391    14152    4031    7532    4144    6177    9293    12101    10047    10462    7509    10453    
5.75    946    3220    65    2982    532    2937    449    3962    1    3870    0    3367    235    3742    144    3138    34    3642    
5.8125    23    2396    653    3257    223    2351    276    3705    3109    5042    3039    5536    506    3587    413    3385    846    3715    
5.875    7111    6736    13000    14051    9170    8192    9764    9134    25279    21531    28934    25486    11872    10142    13432    11167    17088    14564    
5.9375    38963    35392    61781    57465    50707    46653    52506    49225    92373    87797    91722    87769    58636    53904    56385    52009    65380    63444    
6.0    122099    118577    154438    163108    134363    130021    137682    133280    206554    202402    220009    216382    148819    143763    156541    152580    160798    168702    
6.0625    254060    250532    321587    317567    273015    285176    295406    290622    399888    395487    398323    394352    294965    307002    306535    301920    331381    326942    
6.125    445646    461570    536559    532368    494667    488102    501723    496415    638161    632270    636163    659049    525014    521153    540844    536936    549469    570143    
6.1875    724062    720802    838208    833155    756943    782325    794906    789969    961796    957731    959401    955195    823913    820136    813449    810514    854129    851219    
6.25    1030571    1059226    1161105    1190577    1101885    1097459    1111965    1107905    1299028    1295560    1331713    1326908    1144933    1143189    1167081    1161939    1179062    1208915    
6.3125    1410196    1407401    1551376    1549271    1451587    1483665    1462421    1494632    1696949    1693522    1694194    1691498    1497726    1493910    1521335    1518281    1570531    1567646    
6.375    1775035    1772916    1918052    1915794    1817282    1813301    1828296    1824579    2026278    2024741    2059682    2057078    1864062    1859059    1887875    1885581    1937225    1933518    
6.4375    2138527    2135456    2275684    2274863    2214603    2213633    2225131    2223017    2411089    2408210    2408582    2440207    2259185    2257047    2246990    2243333    2293846    2291572    
6.5    2513730    2513010    2605522    2635755    2550550    2548194    2560066    2557981    2725272    2723774    2752056    2751285    2590731    2589768    2610945    2609754    2621753    2652061    
6.5625    2814021    2814072    2891810    2918278    2845409    2844651    2853481    2851883    2990872    2989405    2989085    2988324    2852811    2849861    2870142    2869782    2879380    2905039    
6.625    3040101    3039283    3123492    3124363    3065635    3065495    3072167    3071363    3180950    3179404    3179566    3178983    3071625    3093757    3085602    3085334    3113823    3114100    
6.6875    3218707    3219093    3280915    3281312    3238002    3238429    3242904    3242228    3322283    3321540    3321304    3321036    3242498    3257929    3252942    3252674    3273826    3273100    
6.75    3348682    3349070    3390535    3390058    3361898    3362428    3365224    3364487    3416978    3414521    3416368    3414969    3364948    3375218    3371993    3371217    3385882    3384794    
6.8125    3433125    3431907    3457232    3455381    3440955    3439415    3442897    3440659    3471220    3468445    3470911    3468290    3448921    3446784    3446808    3445237    3454659    3452516    
6.875    3479119    3477885    3489641    3487965    3482728    3483754    3486284    3484055    3495969    3492872    3495884    3493201    3486221    3486225    3487807    3485703    3490707    3488368    
6.9375    3498569    3496067    3499837    3496955    3499127    3496644    3499244    3496085    3499999    3496542    3500000    3496763    3499551    3496287    3499701    3496671    3499898    3496534    
7.0    3499998    3497395    3499623    3497010    3499904    3497349    3499871    3496781    3497728    3495563    3496938    3494172    3499724    3496598    3499785    3496690    3499486    3496461    
7.0625    3494374    3494227    3486938    3487598    3492640    3493156    3492081    3491791    3478232    3477143    3470964    3473407    3490236    3491215    3488860    3489594    3485610    3486875    
7.125    3465721    3463822    3444561    3447562    3455003    3459117    3453196    3457953    3415857    3421305    3408061    3402912    3447494    3453404    3449590    3455784    3441201    3446638    
7.1875    3387734    3391422    3356959    3349061    3376343    3380912    3372924    3376435    3307081    3311341    3294159    3283344    3362318    3366749    3366186    3358710    3350888    3342689    
7.25    3261388    3265583    3196158    3200681    3243514    3248481    3238208    3242658    3140210    3125251    3101156    3105924    3221909    3225620    3210723    3215064    3186674    3191233    
7.3125    3075683    3080573    2986999    2992609    3028471    3033616    3021015    3025989    2887572    2891535    2863171    2841135    2998277    3004356    3006504    2987217    2974382    2982008    
7.375    2803289    2808891    2720525    2694624    2771687    2775987    2762438    2766565    2600473    2604600    2539801    2544440    2734370    2737040    2715396    2719315    2675337    2680360    
7.4375    2501205    2506419    2372013    2375910    2431490    2435594    2420682    2425522    2235200    2239927    2202733    2171390    2388035    2393498    2399792    2372074    2354218    2359779    
7.5    2124708    2128407    2020396    1987717    2084418    2087840    2072735    2076944    1875514    1880033    1804888    1808567    2037579    2041313    2014058    2018552    2001367    1968446    
7.5625    1760795    1764924    1617618    1620444    1719452    1686189    1670786    1673966    1472818    1476194    1439417    1442804    1635021    1640605    1647854    1650996    1598401    1601640    
7.625    1396303    1362751    1258247    1227235    1320650    1323072    1309166    1313074    1121655    1124256    1057326    1060196    1274869    1277232    1252138    1254279    1239944    1207579    
7.6875    1017900    1019593    893703    893470    949450    950196    939143    940683    773998    774817    747225    721003    908489    908512    919446    890696    877477    880891    
7.75    685289    686369    581793    582859    654591    655296    645849    620743    508534    485493    463852    465030    619963    596748    602994    603989    568501    571067    
7.8125    437102    416709    356106    354737    391837    390388    385153    386698    283009    284168    251045    252463    365482    363600    372477    351203    345904    344694    
7.875    232249    232047    177066    177363    215408    214570    210683    211942    140912    131541    120169    121561    196883    197212    187993    188459    170317    171119    
7.9375    108260    108909    74767    76426    89044    89766    86311    87989    48299    50443    43169    40079    78433    79328    81206    74503    70842    71702    
8.0    32414    33094    21132    19389    27664    28517    26381    28324    10359    13318    8530    9308    22769    24726    24026    25642    19416    21604    
8.0625    6495    8347    2130    4566    3728    5821    3391    6452    335    3953    173    3367    2501    5290    2801    5244    1765    4713    
8.125    12    2479    0    2781    1    2351    1    3641    189    3788    1028    3623    0    3504    0    3129    9    3559    
8.1875    1122    2726    4244    5161    1757    3459    2744    4886    10758    9464    15461    13227    3714    5226    3352    4575    4887    6123    
8.25    16015    16862    29557    30494    22724    19984    23797    20002    49383    45060    68390    64121    27613    22657    30294    25733    31806    32353    
8.3125    69836    66236    102015    96897    78334    73753    80706    76801    131906    127604    153841    162211    88938    85490    85999    82597    97680    93135    
8.375    156239    164994    207626    202842    183142    178672    187151    183066    269244    264594    302501    316102    200892    197596    210141    207548    215224    226957    
8.4375    324369    320322    401458    395679    345662    360789    351470    367032    489410    483753    535338    530390    371221    388529    384385    381196    412535    408085    
8.5    540232    560978    640162    662482    593632    588288    601374    595841    750458    744468    836698    833072    627541    620222    644843    639256    681500    677012    
8.5625    842744    838758    964192    961301    877091    903505    886347    913575    1094345    1090427    1159400    1155832    917484    946085    937955    933067    981034    979530    
8.625    1166227    1196500    1301670    1334425    1239508    1234230    1249957    1245115    1443471    1440122    1549553    1545765    1284957    1281104    1307842    1304533    1320206    1349009    
8.6875    1556846    1553895    1699703    1697852    1597943    1631596    1608922    1642554    1845727    1842899    1916224    1913724    1645561    1676228    1669410    1666633    1718993    1716593    
8.75    1923532    1957377    2065085    2063679    2000913    1999336    2011792    2010029    2206692    2205594    2308489    2306888    2047960    2046009    2071385    2069144    2083969    2117420    
8.8125    2315362    2313371    2446806    2446305    2353792    2385478    2397695    2395054    2575056    2572858    2634804    2633237    2397695    2428068    2419432    2415250    2464097    2462757    
8.875    2671208    2670564    2756360    2785169    2704725    2701792    2713560    2712055    2866163    2864069    2941524    2941550    2742694    2741966    2761366    2760358    2799461    2800340    
8.9375    2946502    2947163    3038973    3039429    2974079    2998313    3005038    3003632    3123997    3123401    3161758    3161139    3005038    3026136    3020150    3019984    3050743    3049702    
9.0    3165553    3165699    3234704    3234620    3186445    3204225    3191887    3209131    3281284    3294532    3321957    3321613    3209634    3209461    3220843    3219917    3243309    3242777    
9.0625    3324555    3337260    3370656    3380473    3350741    3351020    3354231    3353537    3409032    3406986    3432058    3429984    3365499    3364863    3372525    3371857    3376211    3385325    
9.125    3433479    3432246    3457497    3455564    3441118    3445814    3443056    3446976    3475329    3472758    3481829    3479230    3449218    3452818    3452983    3451353    3460218    3458119    
9.1875    3482431    3483881    3491699    3491480    3488040    3486125    3488721    3486271    3497042    3493833    3498999    3496076    3490805    3488203    3492014    3489530    3492618    3491361    
9.25    3499086    3496488    3499940    3496983    3499482    3497084    3499564    3496470    3500000    3496743    3499981    3496735    3499774    3496360    3499866    3496836    3499970    3496562    
9.3125    3499974    3497294    3499321    3496735    3499769    3497377    3499714    3496470    3496819    3495069    3494583    3492167    3499473    3496488    3499568    3496745    3499123    3496314    
9.375    3492765    3492945    3484194    3485163    3490733    3491792    3490134    3490290    3474437    3473646    3461659    3465305    3487953    3489457    3486380    3487562    3482692    3484275    
9.4375    3460661    3463566    3437713    3441016    3448996    3453138    3447190    3451810    3406974    3412241    3389202    3382853    3440874    3446546    3443137    3449668    3434095    3439057    
9.5    3377123    3380665    3332370    3336079    3365087    3358601    3361759    3353785    3292374    3281458    3247953    3251703    3350303    3342680    3342553    3346387    3325686    3329286    
9.5625    3244729    3232853    3177023    3181437    3208979    3213719    3203712    3207877    3098542    3103617    3057120    3039356    3185762    3189741    3192114    3178187    3167206    3171842    
9.625    3052690    3035072    2961606    2942329    3004160    3009675    2997096    3002378    2859838    2864499    2779473    2783384    2973172    2980460    2957312    2961994    2923606    2926829    
9.6875    2773814    2777992    2659526    2663944    2741612    2717027    2732918    2706873    2535808    2540421    2473523    2477195    2703618    2678163    2684314    2687739    2643587    2649012    
9.75    2466970    2472352    2336334    2340250    2429831    2434047    2419849    2391181    2233450    2202161    2130061    2134018    2386351    2391895    2364398    2370124    2318366    2322737    
9.8125    2122923    2126246    1982300    1985895    2082622    2086110    2071836    2039737    1873683    1840006    1766309    1769794    2035772    2039536    2012246    2016850    1999553    1966459    
9.875    1758959    1762901    1615787    1618513    1717615    1721034    1706592    1673060    1507254    1474290    1401678    1404453    1669869    1638819    1646020    1649247    1596572    1599598    
9.9375    1394512    1397248    1256501    1260029    1318881    1321241    1308284    1312085    1119968    1122599    1055672    1058466    1308284    1311756    1285397    1287879    1273117    1239741    
